F:\2022-05-23 C200S PRO\F1C100S_LCD_1024X600_INTERFACE\DRIVER\INCLUDE\BINTOTXT\BINTOTXT\DEBUG\_MCU_DSP二进制文件转换成可用数据.EXE.EMBED.MANIFEST
F:\2022-05-23 C200S PRO\F1C100S_LCD_1024X600_INTERFACE\DRIVER\INCLUDE\BINTOTXT\BINTOTXT\DEBUG\_MCU_DSP二进制文件转换成可用数据.EXE.EMBED.MANIFEST.RES
F:\2022-05-23 C200S PRO\F1C100S_LCD_1024X600_INTERFACE\DRIVER\INCLUDE\BINTOTXT\BINTOTXT\DEBUG\_MCU_DSP二进制文件转换成可用数据.EXE.INTERMEDIATE.MANIFEST
F:\2022-05-23 C200S PRO\F1C100S_LCD_1024X600_INTERFACE\DRIVER\INCLUDE\BINTOTXT\BINTOTXT\DEBUG\_MCU_DSP二进制文件转换成可用数据.PCH
F:\2022-05-23 c200S pro\F1C100S_LCD_1024x600_interface\Driver\Include\bintotxt\bintotxt\Debug\_MCU_DSP二进制文件转换成可用数据.write.1.tlog
F:\2022-05-23 c200S pro\F1C100S_LCD_1024x600_interface\Driver\Include\bintotxt\bintotxt\Debug\_MCU_DSP二进制文件转换成可用数据_manifest.rc
F:\2022-05-23 C200S PRO\F1C100S_LCD_1024X600_INTERFACE\DRIVER\INCLUDE\BINTOTXT\BINTOTXT\DEBUG\BINTOTXT.OBJ
F:\2022-05-23 c200S pro\F1C100S_LCD_1024x600_interface\Driver\Include\bintotxt\bintotxt\Debug\cl.command.1.tlog
F:\2022-05-23 c200S pro\F1C100S_LCD_1024x600_interface\Driver\Include\bintotxt\bintotxt\Debug\CL.read.1.tlog
F:\2022-05-23 c200S pro\F1C100S_LCD_1024x600_interface\Driver\Include\bintotxt\bintotxt\Debug\CL.write.1.tlog
F:\2022-05-23 c200S pro\F1C100S_LCD_1024x600_interface\Driver\Include\bintotxt\bintotxt\Debug\link.11196.read.1.tlog
F:\2022-05-23 c200S pro\F1C100S_LCD_1024x600_interface\Driver\Include\bintotxt\bintotxt\Debug\link.11196.write.1.tlog
F:\2022-05-23 c200S pro\F1C100S_LCD_1024x600_interface\Driver\Include\bintotxt\bintotxt\Debug\link.11196-cvtres.read.1.tlog
F:\2022-05-23 c200S pro\F1C100S_LCD_1024x600_interface\Driver\Include\bintotxt\bintotxt\Debug\link.11196-cvtres.write.1.tlog
F:\2022-05-23 c200S pro\F1C100S_LCD_1024x600_interface\Driver\Include\bintotxt\bintotxt\Debug\link.command.1.tlog
F:\2022-05-23 c200S pro\F1C100S_LCD_1024x600_interface\Driver\Include\bintotxt\bintotxt\Debug\link.read.1.tlog
F:\2022-05-23 c200S pro\F1C100S_LCD_1024x600_interface\Driver\Include\bintotxt\bintotxt\Debug\link.write.1.tlog
F:\2022-05-23 c200S pro\F1C100S_LCD_1024x600_interface\Driver\Include\bintotxt\bintotxt\Debug\link-cvtres.read.1.tlog
F:\2022-05-23 c200S pro\F1C100S_LCD_1024x600_interface\Driver\Include\bintotxt\bintotxt\Debug\link-cvtres.write.1.tlog
F:\2022-05-23 c200S pro\F1C100S_LCD_1024x600_interface\Driver\Include\bintotxt\bintotxt\Debug\mt.command.1.tlog
F:\2022-05-23 c200S pro\F1C100S_LCD_1024x600_interface\Driver\Include\bintotxt\bintotxt\Debug\mt.read.1.tlog
F:\2022-05-23 c200S pro\F1C100S_LCD_1024x600_interface\Driver\Include\bintotxt\bintotxt\Debug\mt.write.1.tlog
F:\2022-05-23 c200S pro\F1C100S_LCD_1024x600_interface\Driver\Include\bintotxt\bintotxt\Debug\rc.command.1.tlog
F:\2022-05-23 c200S pro\F1C100S_LCD_1024x600_interface\Driver\Include\bintotxt\bintotxt\Debug\rc.read.1.tlog
F:\2022-05-23 c200S pro\F1C100S_LCD_1024x600_interface\Driver\Include\bintotxt\bintotxt\Debug\rc.write.1.tlog
F:\2022-05-23 C200S PRO\F1C100S_LCD_1024X600_INTERFACE\DRIVER\INCLUDE\BINTOTXT\BINTOTXT\DEBUG\STDAFX.OBJ
F:\2022-05-23 c200S pro\F1C100S_LCD_1024x600_interface\Driver\Include\bintotxt\bintotxt\Debug\vc100.idb
F:\2022-05-23 C200S PRO\F1C100S_LCD_1024X600_INTERFACE\DRIVER\INCLUDE\BINTOTXT\BINTOTXT\DEBUG\VC100.PDB
F:\2022-05-23 C200S PRO\F1C100S_LCD_1024X600_INTERFACE\DRIVER\INCLUDE\BINTOTXT\DEBUG\_MCU_DSP二进制文件转换成可用数据.EXE
F:\2022-05-23 C200S PRO\F1C100S_LCD_1024X600_INTERFACE\DRIVER\INCLUDE\BINTOTXT\DEBUG\_MCU_DSP二进制文件转换成可用数据.ILK
F:\2022-05-23 C200S PRO\F1C100S_LCD_1024X600_INTERFACE\DRIVER\INCLUDE\BINTOTXT\DEBUG\_MCU_DSP二进制文件转换成可用数据.PDB
